# JRE version: OpenJDK Runtime Environment Homebrew (17.0.13) (build 17.0.13+0)
# Java VM: OpenJDK 64-Bit Server VM Homebrew (17.0.13+0, mixed mode, sharing, tiered, compressed oops, compressed class ptrs, g1 gc, bsd-aarch64)
Heap:
 garbage-first heap   total 27648K, used 6352K [0x00000007c0000000, 0x0000000800000000)
  region size 1024K, 1 young (1024K), 0 survivors (0K)
 Metaspace       used 2314K, committed 2496K, reserved 1114112K
  class space    used 200K, committed 256K, reserved 1048576K
GC Heap History (18 events):
Event: 0.162 GC heap before
{Heap before GC invocations=0 (full 0):
 garbage-first heap   total 133120K, used 6048K [0x00000007c0000000, 0x0000000800000000)
  region size 1024K, 6 young (6144K), 0 survivors (0K)
 Metaspace       used 1507K, committed 1664K, reserved 1114112K
  class space    used 129K, committed 192K, reserved 1048576K
}
Event: 0.164 GC heap after
{Heap after GC invocations=1 (full 1):
 garbage-first heap   total 17408K, used 2297K [0x00000007c0000000, 0x0000000800000000)
  region size 1024K, 0 young (0K), 0 survivors (0K)
 Metaspace       used 1507K, committed 1664K, reserved 1114112K
  class space    used 129K, committed 192K, reserved 1048576K
}
Event: 0.261 GC heap before
{Heap before GC invocations=1 (full 1):
 garbage-first heap   total 17408K, used 6393K [0x00000007c0000000, 0x0000000800000000)
  region size 1024K, 4 young (4096K), 0 survivors (0K)
 Metaspace       used 2127K, committed 2304K, reserved 1114112K
  class space    used 189K, committed 256K, reserved 1048576K
}
Event: 0.262 GC heap after
{Heap after GC invocations=2 (full 1):
 garbage-first heap   total 17408K, used 3065K [0x00000007c0000000, 0x0000000800000000)
  region size 1024K, 1 young (1024K), 1 survivors (1024K)
 Metaspace       used 2127K, committed 2304K, reserved 1114112K
  class space    used 189K, committed 256K, reserved 1048576K
}
Event: 0.269 GC heap before
{Heap before GC invocations=2 (full 1):
 garbage-first heap   total 17408K, used 7161K [0x00000007c0000000, 0x0000000800000000)
  region size 1024K, 5 young (5120K), 1 survivors (1024K)
 Metaspace       used 2137K, committed 2304K, reserved 1114112K
  class space    used 189K, committed 256K, reserved 1048576K
}
Event: 0.270 GC heap after
{Heap after GC invocations=3 (full 1):
 garbage-first heap   total 17408K, used 3388K [0x00000007c0000000, 0x0000000800000000)
  region size 1024K, 1 young (1024K), 1 survivors (1024K)
 Metaspace       used 2137K, committed 2304K, reserved 1114112K
  class space    used 189K, committed 256K, reserved 1048576K
}
Event: 0.274 GC heap before
{Heap before GC invocations=3 (full 1):
 garbage-first heap   total 17408K, used 7484K [0x00000007c0000000, 0x0000000800000000)
  region size 1024K, 5 young (5120K), 1 survivors (1024K)
 Metaspace       used 2149K, committed 2304K, reserved 1114112K
  class space    used 189K, committed 256K, reserved 1048576K
}
Event: 0.274 GC heap after
{Heap after GC invocations=4 (full 1):
 garbage-first heap   total 17408K, used 3897K [0x00000007c0000000, 0x0000000800000000)
  region size 1024K, 1 young (1024K), 1 survivors (1024K)
 Metaspace       used 2149K, committed 2304K, reserved 1114112K
  class space    used 189K, committed 256K, reserved 1048576K
}
Event: 0.278 GC heap before
{Heap before GC invocations=4 (full 1):
 garbage-first heap   total 17408K, used 9017K [0x00000007c0000000, 0x0000000800000000)
  region size 1024K, 6 young (6144K), 1 survivors (1024K)
 Metaspace       used 2158K, committed 2304K, reserved 1114112K
  class space    used 189K, committed 256K, reserved 1048576K
}
Event: 0.279 GC heap after
{Heap after GC invocations=5 (full 1):
 garbage-first heap   total 17408K, used 4581K [0x00000007c0000000, 0x0000000800000000)
  region size 1024K, 1 young (1024K), 1 survivors (1024K)
 Metaspace       used 2158K, committed 2304K, reserved 1114112K
  class space    used 189K, committed 256K, reserved 1048576K
}
Event: 0.282 GC heap before
{Heap before GC invocations=5 (full 1):
 garbage-first heap   total 17408K, used 8677K [0x00000007c0000000, 0x0000000800000000)
  region size 1024K, 5 young (5120K), 1 survivors (1024K)
 Metaspace       used 2163K, committed 2368K, reserved 1114112K
  class space    used 189K, committed 256K, reserved 1048576K
}
Event: 0.283 GC heap after
{Heap after GC invocations=6 (full 1):
 garbage-first heap   total 74752K, used 5083K [0x00000007c0000000, 0x0000000800000000)
  region size 1024K, 1 young (1024K), 1 survivors (1024K)
 Metaspace       used 2163K, committed 2368K, reserved 1114112K
  class space    used 189K, committed 256K, reserved 1048576K
}
Event: 0.353 GC heap before
{Heap before GC invocations=6 (full 1):
 garbage-first heap   total 74752K, used 16347K [0x00000007c0000000, 0x0000000800000000)
  region size 1024K, 13 young (13312K), 1 survivors (1024K)
 Metaspace       used 2312K, committed 2496K, reserved 1114112K
  class space    used 200K, committed 256K, reserved 1048576K
}
Event: 0.359 GC heap after
{Heap after GC invocations=7 (full 2):
 garbage-first heap   total 27648K, used 6276K [0x00000007c0000000, 0x0000000800000000)
  region size 1024K, 0 young (0K), 0 survivors (0K)
 Metaspace       used 2312K, committed 2496K, reserved 1114112K
  class space    used 200K, committed 256K, reserved 1048576K
}
Event: 16.218 GC heap before
{Heap before GC invocations=7 (full 2):
 garbage-first heap   total 27648K, used 6276K [0x00000007c0000000, 0x0000000800000000)
  region size 1024K, 1 young (1024K), 0 survivors (0K)
 Metaspace       used 2314K, committed 2496K, reserved 1114112K
  class space    used 200K, committed 256K, reserved 1048576K
}
Event: 16.230 GC heap after
{Heap after GC invocations=8 (full 3):
 garbage-first heap   total 27648K, used 6278K [0x00000007c0000000, 0x0000000800000000)
  region size 1024K, 0 young (0K), 0 survivors (0K)
 Metaspace       used 2314K, committed 2496K, reserved 1114112K
  class space    used 200K, committed 256K, reserved 1048576K
}
Event: 16.364 GC heap before
{Heap before GC invocations=8 (full 3):
 garbage-first heap   total 27648K, used 6278K [0x00000007c0000000, 0x0000000800000000)
  region size 1024K, 1 young (1024K), 0 survivors (0K)
 Metaspace       used 2314K, committed 2496K, reserved 1114112K
  class space    used 200K, committed 256K, reserved 1048576K
}
Event: 16.367 GC heap after
{Heap after GC invocations=9 (full 4):
 garbage-first heap   total 27648K, used 6278K [0x00000007c0000000, 0x0000000800000000)
  region size 1024K, 0 young (0K), 0 survivors (0K)
 Metaspace       used 2314K, committed 2496K, reserved 1114112K
  class space    used 200K, committed 256K, reserved 1048576K
}

